2023-07-22T01:05:26+00:00 ERROR Error getting data feed
2023-07-22T01:05:26+00:00 ERROR WP_Error Object
(
    [errors] => Array
        (
            [http_request_failed] => Array
                (
                    [0] => cURL error 6: Could not resolve host: woocommerce.com
                )

        )

    [error_data] => Array
        (
        )

    [additional_data:protected] => Array
        (
        )

)

2023-07-22T01:09:17+00:00 ERROR Error getting data feed
2023-07-22T01:09:17+00:00 ERROR WP_Error Object
(
    [errors] => Array
        (
            [http_request_failed] => Array
                (
                    [0] => cURL error 6: Could not resolve host: woocommerce.com
                )

        )

    [error_data] => Array
        (
        )

    [additional_data:protected] => Array
        (
        )

)

2023-07-22T01:09:17+00:00 ERROR Error getting data feed
2023-07-22T01:09:17+00:00 ERROR WP_Error Object
(
    [errors] => Array
        (
            [http_request_failed] => Array
                (
                    [0] => cURL error 6: Could not resolve host: woocommerce.com
                )

        )

    [error_data] => Array
        (
        )

    [additional_data:protected] => Array
        (
        )

)

2023-07-22T01:09:17+00:00 ERROR Error getting data feed
2023-07-22T01:09:17+00:00 ERROR WP_Error Object
(
    [errors] => Array
        (
            [http_request_failed] => Array
                (
                    [0] => cURL error 6: Could not resolve host: woocommerce.com
                )

        )

    [error_data] => Array
        (
        )

    [additional_data:protected] => Array
        (
        )

)

2023-07-22T01:11:04+00:00 ERROR Error getting data feed
2023-07-22T01:11:04+00:00 ERROR WP_Error Object
(
    [errors] => Array
        (
            [http_request_failed] => Array
                (
                    [0] => cURL error 6: Could not resolve host: woocommerce.com
                )

        )

    [error_data] => Array
        (
        )

    [additional_data:protected] => Array
        (
        )

)

2023-07-22T01:11:04+00:00 ERROR Error getting data feed
2023-07-22T01:11:04+00:00 ERROR WP_Error Object
(
    [errors] => Array
        (
            [http_request_failed] => Array
                (
                    [0] => cURL error 6: Could not resolve host: woocommerce.com
                )

        )

    [error_data] => Array
        (
        )

    [additional_data:protected] => Array
        (
        )

)

2023-07-22T01:11:04+00:00 ERROR Error getting data feed
2023-07-22T01:11:04+00:00 ERROR WP_Error Object
(
    [errors] => Array
        (
            [http_request_failed] => Array
                (
                    [0] => cURL error 6: Could not resolve host: woocommerce.com
                )

        )

    [error_data] => Array
        (
        )

    [additional_data:protected] => Array
        (
        )

)

2023-07-22T01:11:17+00:00 ERROR Error getting data feed
2023-07-22T01:11:17+00:00 ERROR WP_Error Object
(
    [errors] => Array
        (
            [http_request_failed] => Array
                (
                    [0] => cURL error 6: Could not resolve host: woocommerce.com
                )

        )

    [error_data] => Array
        (
        )

    [additional_data:protected] => Array
        (
        )

)

